<?xml version="1.0" encoding="utf-8"?><testsuites><testsuite errors="0" failures="0" hostname="LAPTOP-04EC16A3" name="pytest" skipped="0" tests="78" time="29.168" timestamp="2021-11-11T23:08:27.600603"><testcase classname="testcases.test_0_setup.TestSetup" file="testcases\test_0_setup.py" line="23" name="test_login[case0]" time="0.244"></testcase><testcase classname="testcases.test_0_setup.TestSetup" file="testcases\test_0_setup.py" line="23" name="test_login[case1]" time="0.088"></testcase><testcase classname="testcases.test_0_setup.TestSetup" file="testcases\test_0_setup.py" line="23" name="test_login[case2]" time="0.082"></testcase><testcase classname="testcases.test_1_register_api.TestRegister" file="testcases\test_1_register_api.py" line="25" name="test_register_api[case0]" time="0.728"></testcase><testcase classname="testcases.test_1_register_api.TestRegister" file="testcases\test_1_register_api.py" line="25" name="test_register_api[case1]" time="0.711"></testcase><testcase classname="testcases.test_1_register_api.TestRegister" file="testcases\test_1_register_api.py" line="25" name="test_register_api[case2]" time="0.275"></testcase><testcase classname="testcases.test_1_register_api.TestRegister" file="testcases\test_1_register_api.py" line="25" name="test_register_api[case3]" time="0.281"></testcase><testcase classname="testcases.test_1_register_api.TestRegister" file="testcases\test_1_register_api.py" line="25" name="test_register_api[case4]" time="0.284"></testcase><testcase classname="testcases.test_1_register_api.TestRegister" file="testcases\test_1_register_api.py" line="25" name="test_register_api[case5]" time="0.293"></testcase><testcase classname="testcases.test_1_register_api.TestRegister" file="testcases\test_1_register_api.py" line="25" name="test_register_api[case6]" time="0.298"></testcase><testcase classname="testcases.test_1_register_api.TestRegister" file="testcases\test_1_register_api.py" line="25" name="test_register_api[case7]" time="0.273"></testcase><testcase classname="testcases.test_1_register_api.TestRegister" file="testcases\test_1_register_api.py" line="25" name="test_register_api[case8]" time="0.293"></testcase><testcase classname="testcases.test_1_register_api.TestRegister" file="testcases\test_1_register_api.py" line="25" name="test_register_api[case9]" time="0.285"></testcase><testcase classname="testcases.test_1_register_api.TestRegister" file="testcases\test_1_register_api.py" line="25" name="test_register_api[case10]" time="0.292"></testcase><testcase classname="testcases.test_1_register_api.TestRegister" file="testcases\test_1_register_api.py" line="25" name="test_register_api[case11]" time="0.282"></testcase><testcase classname="testcases.test_1_register_api.TestRegister" file="testcases\test_1_register_api.py" line="25" name="test_register_api[case12]" time="0.667"></testcase><testcase classname="testcases.test_2_login_api.TestLogin" file="testcases\test_2_login_api.py" line="26" name="test_login[case0]" time="0.294"></testcase><testcase classname="testcases.test_2_login_api.TestLogin" file="testcases\test_2_login_api.py" line="26" name="test_login[case1]" time="0.282"></testcase><testcase classname="testcases.test_2_login_api.TestLogin" file="testcases\test_2_login_api.py" line="26" name="test_login[case2]" time="0.285"></testcase><testcase classname="testcases.test_2_login_api.TestLogin" file="testcases\test_2_login_api.py" line="26" name="test_login[case3]" time="0.282"></testcase><testcase classname="testcases.test_2_login_api.TestLogin" file="testcases\test_2_login_api.py" line="26" name="test_login[case4]" time="0.283"></testcase><testcase classname="testcases.test_2_login_api.TestLogin" file="testcases\test_2_login_api.py" line="26" name="test_login[case5]" time="0.284"></testcase><testcase classname="testcases.test_3_recharge_api.TestRecharge" file="testcases\test_3_recharge_api.py" line="27" name="test_recharge[case0]" time="0.278"></testcase><testcase classname="testcases.test_3_recharge_api.TestRecharge" file="testcases\test_3_recharge_api.py" line="27" name="test_recharge[case1]" time="0.481"></testcase><testcase classname="testcases.test_3_recharge_api.TestRecharge" file="testcases\test_3_recharge_api.py" line="27" name="test_recharge[case2]" time="0.507"></testcase><testcase classname="testcases.test_3_recharge_api.TestRecharge" file="testcases\test_3_recharge_api.py" line="27" name="test_recharge[case3]" time="0.474"></testcase><testcase classname="testcases.test_3_recharge_api.TestRecharge" file="testcases\test_3_recharge_api.py" line="27" name="test_recharge[case4]" time="0.299"></testcase><testcase classname="testcases.test_3_recharge_api.TestRecharge" file="testcases\test_3_recharge_api.py" line="27" name="test_recharge[case5]" time="0.278"></testcase><testcase classname="testcases.test_4_updatename_api.TestUpdateName" file="testcases\test_4_updatename_api.py" line="26" name="test_recharge[case0]" time="0.284"></testcase><testcase classname="testcases.test_4_updatename_api.TestUpdateName" file="testcases\test_4_updatename_api.py" line="26" name="test_recharge[case1]" time="0.293"></testcase><testcase classname="testcases.test_4_updatename_api.TestUpdateName" file="testcases\test_4_updatename_api.py" line="26" name="test_recharge[case2]" time="0.284"></testcase><testcase classname="testcases.test_4_updatename_api.TestUpdateName" file="testcases\test_4_updatename_api.py" line="26" name="test_recharge[case3]" time="0.278"></testcase><testcase classname="testcases.test_4_updatename_api.TestUpdateName" file="testcases\test_4_updatename_api.py" line="26" name="test_recharge[case4]" time="0.280"></testcase><testcase classname="testcases.test_4_updatename_api.TestUpdateName" file="testcases\test_4_updatename_api.py" line="26" name="test_recharge[case5]" time="0.279"></testcase><testcase classname="testcases.test_5_add_bid_api.TestAddBid" file="testcases\test_5_add_bid_api.py" line="25" name="test_add_bid[case0]" time="0.295"></testcase><testcase classname="testcases.test_5_add_bid_api.TestAddBid" file="testcases\test_5_add_bid_api.py" line="25" name="test_add_bid[case1]" time="0.284"></testcase><testcase classname="testcases.test_5_add_bid_api.TestAddBid" file="testcases\test_5_add_bid_api.py" line="25" name="test_add_bid[case2]" time="0.281"></testcase><testcase classname="testcases.test_5_add_bid_api.TestAddBid" file="testcases\test_5_add_bid_api.py" line="25" name="test_add_bid[case3]" time="0.282"></testcase><testcase classname="testcases.test_5_add_bid_api.TestAddBid" file="testcases\test_5_add_bid_api.py" line="25" name="test_add_bid[case4]" time="0.284"></testcase><testcase classname="testcases.test_5_add_bid_api.TestAddBid" file="testcases\test_5_add_bid_api.py" line="25" name="test_add_bid[case5]" time="0.295"></testcase><testcase classname="testcases.test_5_add_bid_api.TestAddBid" file="testcases\test_5_add_bid_api.py" line="25" name="test_add_bid[case6]" time="0.280"></testcase><testcase classname="testcases.test_5_add_bid_api.TestAddBid" file="testcases\test_5_add_bid_api.py" line="25" name="test_add_bid[case7]" time="0.298"></testcase><testcase classname="testcases.test_5_add_bid_api.TestAddBid" file="testcases\test_5_add_bid_api.py" line="25" name="test_add_bid[case8]" time="0.306"></testcase><testcase classname="testcases.test_5_add_bid_api.TestAddBid" file="testcases\test_5_add_bid_api.py" line="25" name="test_add_bid[case9]" time="0.296"></testcase><testcase classname="testcases.test_5_add_bid_api.TestAddBid" file="testcases\test_5_add_bid_api.py" line="25" name="test_add_bid[case10]" time="0.288"></testcase><testcase classname="testcases.test_5_add_bid_api.TestAddBid" file="testcases\test_5_add_bid_api.py" line="25" name="test_add_bid[case11]" time="0.308"></testcase><testcase classname="testcases.test_5_add_bid_api.TestAddBid" file="testcases\test_5_add_bid_api.py" line="25" name="test_add_bid[case12]" time="0.298"></testcase><testcase classname="testcases.test_5_add_bid_api.TestAddBid" file="testcases\test_5_add_bid_api.py" line="25" name="test_add_bid[case13]" time="0.313"></testcase><testcase classname="testcases.test_5_add_bid_api.TestAddBid" file="testcases\test_5_add_bid_api.py" line="25" name="test_add_bid[case14]" time="0.287"></testcase><testcase classname="testcases.test_6_aduit_api.TestRecharge" file="testcases\test_6_aduit_api.py" line="25" name="test_recharge[case0]" time="0.278"></testcase><testcase classname="testcases.test_6_aduit_api.TestRecharge" file="testcases\test_6_aduit_api.py" line="25" name="test_recharge[case1]" time="0.289"></testcase><testcase classname="testcases.test_6_aduit_api.TestRecharge" file="testcases\test_6_aduit_api.py" line="25" name="test_recharge[case2]" time="0.302"></testcase><testcase classname="testcases.test_6_aduit_api.TestRecharge" file="testcases\test_6_aduit_api.py" line="25" name="test_recharge[case3]" time="0.483"></testcase><testcase classname="testcases.test_6_aduit_api.TestRecharge" file="testcases\test_6_aduit_api.py" line="25" name="test_recharge[case4]" time="0.278"></testcase><testcase classname="testcases.test_6_aduit_api.TestRecharge" file="testcases\test_6_aduit_api.py" line="25" name="test_recharge[case5]" time="0.290"></testcase><testcase classname="testcases.test_6_aduit_api.TestRecharge" file="testcases\test_6_aduit_api.py" line="25" name="test_recharge[case6]" time="0.298"></testcase><testcase classname="testcases.test_6_aduit_api.TestRecharge" file="testcases\test_6_aduit_api.py" line="25" name="test_recharge[case7]" time="0.565"></testcase><testcase classname="testcases.test_6_aduit_api.TestRecharge" file="testcases\test_6_aduit_api.py" line="25" name="test_recharge[case8]" time="0.283"></testcase><testcase classname="testcases.test_6_aduit_api.TestRecharge" file="testcases\test_6_aduit_api.py" line="25" name="test_recharge[case9]" time="0.300"></testcase><testcase classname="testcases.test_6_aduit_api.TestRecharge" file="testcases\test_6_aduit_api.py" line="25" name="test_recharge[case10]" time="0.504"></testcase><testcase classname="testcases.test_6_aduit_api.TestRecharge" file="testcases\test_6_aduit_api.py" line="25" name="test_recharge[case11]" time="0.308"></testcase><testcase classname="testcases.test_6_aduit_api.TestRecharge" file="testcases\test_6_aduit_api.py" line="25" name="test_recharge[case12]" time="0.493"></testcase><testcase classname="testcases.test_7_invest_api.TestRecharge" file="testcases\test_7_invest_api.py" line="26" name="test_recharge[case0]" time="0.303"></testcase><testcase classname="testcases.test_7_invest_api.TestRecharge" file="testcases\test_7_invest_api.py" line="26" name="test_recharge[case1]" time="0.297"></testcase><testcase classname="testcases.test_7_invest_api.TestRecharge" file="testcases\test_7_invest_api.py" line="26" name="test_recharge[case2]" time="0.289"></testcase><testcase classname="testcases.test_7_invest_api.TestRecharge" file="testcases\test_7_invest_api.py" line="26" name="test_recharge[case3]" time="0.294"></testcase><testcase classname="testcases.test_7_invest_api.TestRecharge" file="testcases\test_7_invest_api.py" line="26" name="test_recharge[case4]" time="0.296"></testcase><testcase classname="testcases.test_7_invest_api.TestRecharge" file="testcases\test_7_invest_api.py" line="26" name="test_recharge[case5]" time="0.297"></testcase><testcase classname="testcases.test_7_invest_api.TestRecharge" file="testcases\test_7_invest_api.py" line="26" name="test_recharge[case6]" time="0.290"></testcase><testcase classname="testcases.test_7_invest_api.TestRecharge" file="testcases\test_7_invest_api.py" line="26" name="test_recharge[case7]" time="0.281"></testcase><testcase classname="testcases.test_7_invest_api.TestRecharge" file="testcases\test_7_invest_api.py" line="26" name="test_recharge[case8]" time="0.298"></testcase><testcase classname="testcases.test_7_invest_api.TestRecharge" file="testcases\test_7_invest_api.py" line="26" name="test_recharge[case9]" time="0.285"></testcase><testcase classname="testcases.test_7_invest_api.TestRecharge" file="testcases\test_7_invest_api.py" line="26" name="test_recharge[case10]" time="0.295"></testcase><testcase classname="testcases.test_7_invest_api.TestRecharge" file="testcases\test_7_invest_api.py" line="26" name="test_recharge[case11]" time="0.300"></testcase><testcase classname="testcases.test_7_invest_api.TestRecharge" file="testcases\test_7_invest_api.py" line="26" name="test_recharge[case12]" time="0.565"></testcase><testcase classname="testcases.test_7_invest_api.TestRecharge" file="testcases\test_7_invest_api.py" line="26" name="test_recharge[case13]" time="0.291"></testcase><testcase classname="testcases.test_7_invest_api.TestRecharge" file="testcases\test_7_invest_api.py" line="26" name="test_recharge[case14]" time="0.301"></testcase><testcase classname="testcases.test_7_invest_api.TestRecharge" file="testcases\test_7_invest_api.py" line="26" name="test_recharge[case15]" time="0.303"></testcase></testsuite></testsuites>